  RandomGenerators.cpp
C:\Program Files\Microsoft Visual Studio\2022\Community\VC\Tools\MSVC\14.32.31326\include\random(1327,14): error C2039: 'generate': is not a member of 'std::random_device'
C:\Program Files\Microsoft Visual Studio\2022\Community\VC\Tools\MSVC\14.32.31326\include\random(4974): message : see declaration of 'std::random_device'
C:\Program Files\Microsoft Visual Studio\2022\Community\VC\Tools\MSVC\14.32.31326\include\random(1316): message : see reference to function template instantiation 'void std::mersenne_twister_engine<unsigned int,32,624,397,31,2567483615,11,4294967295,7,2636928640,15,4022730752,18,1812433253>::seed<_Seed_seq,0>(_Seed_seq &)' being compiled
          with
          [
              _Seed_seq=const std::random_device
          ]
C:\Program Files\Microsoft Visual Studio\2022\Community\VC\Tools\MSVC\14.32.31326\include\random(1316): message : see reference to function template instantiation 'void std::mersenne_twister_engine<unsigned int,32,624,397,31,2567483615,11,4294967295,7,2636928640,15,4022730752,18,1812433253>::seed<_Seed_seq,0>(_Seed_seq &)' being compiled
          with
          [
              _Seed_seq=const std::random_device
          ]
src\RandomGenerators.cpp(4): message : see reference to function template instantiation 'std::mersenne_twister_engine<unsigned int,32,624,397,31,2567483615,11,4294967295,7,2636928640,15,4022730752,18,1812433253>::mersenne_twister_engine<const std::random_device,0>(_Seed_seq &)' being compiled
          with
          [
              _Seed_seq=const std::random_device
          ]
src\RandomGenerators.cpp(4): message : see reference to function template instantiation 'std::mersenne_twister_engine<unsigned int,32,624,397,31,2567483615,11,4294967295,7,2636928640,15,4022730752,18,1812433253>::mersenne_twister_engine<const std::random_device,0>(_Seed_seq &)' being compiled
          with
          [
              _Seed_seq=const std::random_device
          ]
  Crossoverer.cpp
C:\Program Files\Microsoft Visual Studio\2022\Community\VC\Tools\MSVC\14.32.31326\include\xutility(5961,27): error C2825: '_Urng': must be a class or namespace when followed by '::'
C:\Program Files\Microsoft Visual Studio\2022\Community\VC\Tools\MSVC\14.32.31326\include\random(1872): message : see reference to class template instantiation 'std::_Rng_from_urng<unsigned int,_Engine>' being compiled
          with
          [
              _Engine=std::mt19937 *
          ]
C:\Program Files\Microsoft Visual Studio\2022\Community\VC\Tools\MSVC\14.32.31326\include\random(1838): message : see reference to function template instantiation 'int std::uniform_int<_Ty>::_Eval<_Engine>(_Engine &,_Ty,_Ty) const' being compiled
          with
          [
              _Ty=int,
              _Engine=std::mt19937 *
          ]
C:\Program Files\Microsoft Visual Studio\2022\Community\VC\Tools\MSVC\14.32.31326\include\random(1838): message : see reference to function template instantiation 'int std::uniform_int<_Ty>::_Eval<_Engine>(_Engine &,_Ty,_Ty) const' being compiled
          with
          [
              _Ty=int,
              _Engine=std::mt19937 *
          ]
C:\Users\makaron\source\repos\JakubMakarewicz\Metaheuristics\src\Crossoverer.cpp(14): message : see reference to function template instantiation 'int std::uniform_int<_Ty>::operator ()<std::mt19937*>(_Engine &) const' being compiled
          with
          [
              _Ty=int,
              _Engine=std::mt19937 *
          ]
C:\Users\makaron\source\repos\JakubMakarewicz\Metaheuristics\src\Crossoverer.cpp(14): message : see reference to function template instantiation 'int std::uniform_int<_Ty>::operator ()<std::mt19937*>(_Engine &) const' being compiled
          with
          [
              _Ty=int,
              _Engine=std::mt19937 *
          ]
C:\Program Files\Microsoft Visual Studio\2022\Community\VC\Tools\MSVC\14.32.31326\include\xutility(5961,34): error C2510: '_Urng': left of '::' must be a class/struct/union
C:\Program Files\Microsoft Visual Studio\2022\Community\VC\Tools\MSVC\14.32.31326\include\xutility(5961,1): error C2061: syntax error: identifier 'result_type'
C:\Program Files\Microsoft Visual Studio\2022\Community\VC\Tools\MSVC\14.32.31326\include\xutility(5963,41): error C2065: '_Ty1': undeclared identifier
C:\Program Files\Microsoft Visual Studio\2022\Community\VC\Tools\MSVC\14.32.31326\include\xutility(5963,69): error C2065: '_Ty1': undeclared identifier
C:\Program Files\Microsoft Visual Studio\2022\Community\VC\Tools\MSVC\14.32.31326\include\xutility(5963,20): error C2923: 'std::conditional_t': '_Ty1' is not a valid template type argument for parameter '_Ty2'
C:\Program Files\Microsoft Visual Studio\2022\Community\VC\Tools\MSVC\14.32.31326\include\xutility(5963): message : see declaration of '_Ty1'
  Mutator.cpp
C:\Program Files\Microsoft Visual Studio\2022\Community\VC\Tools\MSVC\14.32.31326\include\xutility(5961,27): error C2825: '_Urng': must be a class or namespace when followed by '::'
C:\Program Files\Microsoft Visual Studio\2022\Community\VC\Tools\MSVC\14.32.31326\include\random(1872): message : see reference to class template instantiation 'std::_Rng_from_urng<unsigned int,_Engine>' being compiled
          with
          [
              _Engine=std::mt19937 *
          ]
C:\Program Files\Microsoft Visual Studio\2022\Community\VC\Tools\MSVC\14.32.31326\include\random(1838): message : see reference to function template instantiation 'int std::uniform_int<_Ty>::_Eval<_Engine>(_Engine &,_Ty,_Ty) const' being compiled
          with
          [
              _Ty=int,
              _Engine=std::mt19937 *
          ]
C:\Program Files\Microsoft Visual Studio\2022\Community\VC\Tools\MSVC\14.32.31326\include\random(1838): message : see reference to function template instantiation 'int std::uniform_int<_Ty>::_Eval<_Engine>(_Engine &,_Ty,_Ty) const' being compiled
          with
          [
              _Ty=int,
              _Engine=std::mt19937 *
          ]
C:\Users\makaron\source\repos\JakubMakarewicz\Metaheuristics\src\Mutator.cpp(34): message : see reference to function template instantiation 'int std::uniform_int<_Ty>::operator ()<std::mt19937*>(_Engine &) const' being compiled
          with
          [
              _Ty=int,
              _Engine=std::mt19937 *
          ]
C:\Users\makaron\source\repos\JakubMakarewicz\Metaheuristics\src\Mutator.cpp(34): message : see reference to function template instantiation 'int std::uniform_int<_Ty>::operator ()<std::mt19937*>(_Engine &) const' being compiled
          with
          [
              _Ty=int,
              _Engine=std::mt19937 *
          ]
C:\Program Files\Microsoft Visual Studio\2022\Community\VC\Tools\MSVC\14.32.31326\include\xutility(5961,34): error C2510: '_Urng': left of '::' must be a class/struct/union
C:\Program Files\Microsoft Visual Studio\2022\Community\VC\Tools\MSVC\14.32.31326\include\xutility(5961,1): error C2061: syntax error: identifier 'result_type'
C:\Program Files\Microsoft Visual Studio\2022\Community\VC\Tools\MSVC\14.32.31326\include\xutility(5963,41): error C2065: '_Ty1': undeclared identifier
C:\Program Files\Microsoft Visual Studio\2022\Community\VC\Tools\MSVC\14.32.31326\include\xutility(5963,69): error C2065: '_Ty1': undeclared identifier
C:\Program Files\Microsoft Visual Studio\2022\Community\VC\Tools\MSVC\14.32.31326\include\xutility(5963,20): error C2923: 'std::conditional_t': '_Ty1' is not a valid template type argument for parameter '_Ty2'
C:\Program Files\Microsoft Visual Studio\2022\Community\VC\Tools\MSVC\14.32.31326\include\xutility(5963): message : see declaration of '_Ty1'
  Selector.cpp
C:\Program Files\Microsoft Visual Studio\2022\Community\VC\Tools\MSVC\14.32.31326\include\random(310,54): error C2228: left of '.min' must have class/struct/union
C:\Program Files\Microsoft Visual Studio\2022\Community\VC\Tools\MSVC\14.32.31326\include\random(310,54): message : type is '_Gen'
          with
          [
              _Gen=std::mt19937 *
          ]
C:\Program Files\Microsoft Visual Studio\2022\Community\VC\Tools\MSVC\14.32.31326\include\random(310,54): message : did you intend to use '->' instead?
C:\Program Files\Microsoft Visual Studio\2022\Community\VC\Tools\MSVC\14.32.31326\include\random(2707): message : see reference to function template instantiation '_Real std::_Nrand_impl<_Ty,_Engine>(_Gen &)' being compiled
          with
          [
              _Real=double,
              _Ty=double,
              _Engine=std::mt19937 *,
              _Gen=std::mt19937 *
          ]
C:\Program Files\Microsoft Visual Studio\2022\Community\VC\Tools\MSVC\14.32.31326\include\random(2667): message : see reference to function template instantiation 'double std::uniform_real<_Ty>::_Eval<_Engine>(_Engine &,const std::uniform_real<_Ty>::param_type &) const' being compiled
          with
          [
              _Ty=double,
              _Engine=std::mt19937 *
          ]
C:\Program Files\Microsoft Visual Studio\2022\Community\VC\Tools\MSVC\14.32.31326\include\random(2667): message : see reference to function template instantiation 'double std::uniform_real<_Ty>::_Eval<_Engine>(_Engine &,const std::uniform_real<_Ty>::param_type &) const' being compiled
          with
          [
              _Ty=double,
              _Engine=std::mt19937 *
          ]
C:\Users\makaron\source\repos\JakubMakarewicz\Metaheuristics\src\Selector.cpp(24): message : see reference to function template instantiation 'double std::uniform_real<_Ty>::operator ()<std::mt19937*>(_Engine &) const' being compiled
          with
          [
              _Ty=double,
              _Engine=std::mt19937 *
          ]
C:\Users\makaron\source\repos\JakubMakarewicz\Metaheuristics\src\Selector.cpp(24): message : see reference to function template instantiation 'double std::uniform_real<_Ty>::operator ()<std::mt19937*>(_Engine &) const' being compiled
          with
          [
              _Ty=double,
              _Engine=std::mt19937 *
          ]
C:\Program Files\Microsoft Visual Studio\2022\Community\VC\Tools\MSVC\14.32.31326\include\random(310,21): error C2737: '_Gxmin': const object must be initialized
C:\Program Files\Microsoft Visual Studio\2022\Community\VC\Tools\MSVC\14.32.31326\include\random(311,21): error C2737: '_Gxmax': const object must be initialized
C:\Program Files\Microsoft Visual Studio\2022\Community\VC\Tools\MSVC\14.32.31326\include\random(321,41): error C2064: term does not evaluate to a function taking 0 arguments
  SpecimenFactory.cpp
C:\Program Files\Microsoft Visual Studio\2022\Community\VC\Tools\MSVC\14.32.31326\include\xutility(5961,27): error C2825: '_Urng': must be a class or namespace when followed by '::'
C:\Program Files\Microsoft Visual Studio\2022\Community\VC\Tools\MSVC\14.32.31326\include\random(1872): message : see reference to class template instantiation 'std::_Rng_from_urng<unsigned int,_Engine>' being compiled
          with
          [
              _Engine=std::mt19937 *
          ]
C:\Program Files\Microsoft Visual Studio\2022\Community\VC\Tools\MSVC\14.32.31326\include\random(1838): message : see reference to function template instantiation 'int std::uniform_int<_Ty>::_Eval<_Engine>(_Engine &,_Ty,_Ty) const' being compiled
          with
          [
              _Ty=int,
              _Engine=std::mt19937 *
          ]
C:\Program Files\Microsoft Visual Studio\2022\Community\VC\Tools\MSVC\14.32.31326\include\random(1838): message : see reference to function template instantiation 'int std::uniform_int<_Ty>::_Eval<_Engine>(_Engine &,_Ty,_Ty) const' being compiled
          with
          [
              _Ty=int,
              _Engine=std::mt19937 *
          ]
C:\Users\makaron\source\repos\JakubMakarewicz\Metaheuristics\src\SpecimenFactory.cpp(21): message : see reference to function template instantiation 'int std::uniform_int<_Ty>::operator ()<std::mt19937*>(_Engine &) const' being compiled
          with
          [
              _Ty=int,
              _Engine=std::mt19937 *
          ]
C:\Users\makaron\source\repos\JakubMakarewicz\Metaheuristics\src\SpecimenFactory.cpp(21): message : see reference to function template instantiation 'int std::uniform_int<_Ty>::operator ()<std::mt19937*>(_Engine &) const' being compiled
          with
          [
              _Ty=int,
              _Engine=std::mt19937 *
          ]
C:\Program Files\Microsoft Visual Studio\2022\Community\VC\Tools\MSVC\14.32.31326\include\xutility(5961,34): error C2510: '_Urng': left of '::' must be a class/struct/union
C:\Program Files\Microsoft Visual Studio\2022\Community\VC\Tools\MSVC\14.32.31326\include\xutility(5961,1): error C2061: syntax error: identifier 'result_type'
C:\Program Files\Microsoft Visual Studio\2022\Community\VC\Tools\MSVC\14.32.31326\include\xutility(5963,41): error C2065: '_Ty1': undeclared identifier
C:\Program Files\Microsoft Visual Studio\2022\Community\VC\Tools\MSVC\14.32.31326\include\xutility(5963,69): error C2065: '_Ty1': undeclared identifier
C:\Program Files\Microsoft Visual Studio\2022\Community\VC\Tools\MSVC\14.32.31326\include\xutility(5963,20): error C2923: 'std::conditional_t': '_Ty1' is not a valid template type argument for parameter '_Ty2'
C:\Program Files\Microsoft Visual Studio\2022\Community\VC\Tools\MSVC\14.32.31326\include\xutility(5963): message : see declaration of '_Ty1'
  Generating Code...
